<?xml version="1.0" encoding="UTF-8"?>
<testng-results ignored="0" total="20" passed="20" failed="0" skipped="0">
  <reporter-output>
  </reporter-output>
  <suite started-at="2025-07-13T17:08:45 IST" name="Suite" finished-at="2025-07-13T17:11:39 IST" duration-ms="174466">
    <groups>
    </groups>
    <test started-at="2025-07-13T17:08:45 IST" name="Test-3" finished-at="2025-07-13T17:10:19 IST" duration-ms="94009">
      <class name="com.bstack.elpais.testcases.CheckSpanishTest">
        <test-method is-config="true" signature="setUp()[pri:0, instance:com.bstack.elpais.testcases.CheckSpanishTest@46a145ba]" started-at="2025-07-13T17:10:01 IST" name="setUp" finished-at="2025-07-13T17:10:08 IST" duration-ms="6572" status="PASS">
          <reporter-output>
          </reporter-output>
        </test-method> <!-- setUp -->
        <test-method signature="checkSpanishLanguage()[pri:1, instance:com.bstack.elpais.testcases.CheckSpanishTest@46a145ba]" started-at="2025-07-13T17:10:08 IST" name="checkSpanishLanguage" finished-at="2025-07-13T17:10:14 IST" duration-ms="6044" status="PASS">
          <reporter-output>
          </reporter-output>
        </test-method> <!-- checkSpanishLanguage -->
        <test-method is-config="true" signature="tearDown()[pri:0, instance:com.bstack.elpais.testcases.CheckSpanishTest@46a145ba]" started-at="2025-07-13T17:10:17 IST" name="tearDown" finished-at="2025-07-13T17:10:19 IST" duration-ms="2180" status="PASS">
          <reporter-output>
          </reporter-output>
        </test-method> <!-- tearDown -->
      </class> <!-- com.bstack.elpais.testcases.CheckSpanishTest -->
      <class name="com.bstack.elpais.testcases.ScrapeOpinionArticlesTest">
        <test-method is-config="true" signature="setUp()[pri:0, instance:com.bstack.elpais.testcases.ScrapeOpinionArticlesTest@1f346ad2]" started-at="2025-07-13T17:08:45 IST" name="setUp" finished-at="2025-07-13T17:08:51 IST" duration-ms="6440" status="PASS">
          <reporter-output>
          </reporter-output>
        </test-method> <!-- setUp -->
        <test-method signature="scrapeArticlesFromOpinion()[pri:2, instance:com.bstack.elpais.testcases.ScrapeOpinionArticlesTest@1f346ad2]" started-at="2025-07-13T17:08:51 IST" name="scrapeArticlesFromOpinion" finished-at="2025-07-13T17:09:31 IST" duration-ms="40106" status="PASS">
          <reporter-output>
          </reporter-output>
        </test-method> <!-- scrapeArticlesFromOpinion -->
        <test-method signature="translateArticleHeaders()[pri:3, instance:com.bstack.elpais.testcases.ScrapeOpinionArticlesTest@1f346ad2]" started-at="2025-07-13T17:09:35 IST" name="translateArticleHeaders" finished-at="2025-07-13T17:09:53 IST" duration-ms="18798" status="PASS">
          <reporter-output>
          </reporter-output>
        </test-method> <!-- translateArticleHeaders -->
        <test-method signature="analyzeTranslatedHeaders()[pri:4, instance:com.bstack.elpais.testcases.ScrapeOpinionArticlesTest@1f346ad2]" started-at="2025-07-13T17:09:56 IST" name="analyzeTranslatedHeaders" finished-at="2025-07-13T17:09:56 IST" depends-on-methods="com.bstack.elpais.testcases.ScrapeOpinionArticlesTest.translateArticleHeaders" duration-ms="180" status="PASS">
          <reporter-output>
          </reporter-output>
        </test-method> <!-- analyzeTranslatedHeaders -->
        <test-method is-config="true" signature="tearDown()[pri:0, instance:com.bstack.elpais.testcases.ScrapeOpinionArticlesTest@1f346ad2]" started-at="2025-07-13T17:09:59 IST" name="tearDown" finished-at="2025-07-13T17:10:01 IST" duration-ms="1628" status="PASS">
          <reporter-output>
          </reporter-output>
        </test-method> <!-- tearDown -->
      </class> <!-- com.bstack.elpais.testcases.ScrapeOpinionArticlesTest -->
    </test> <!-- Test-3 -->
    <test started-at="2025-07-13T17:08:45 IST" name="Test-2" finished-at="2025-07-13T17:10:33 IST" duration-ms="108728">
      <class name="com.bstack.elpais.testcases.CheckSpanishTest">
        <test-method is-config="true" signature="setUp()[pri:0, instance:com.bstack.elpais.testcases.CheckSpanishTest@788ddc1f]" started-at="2025-07-13T17:10:13 IST" name="setUp" finished-at="2025-07-13T17:10:23 IST" duration-ms="10051" status="PASS">
          <reporter-output>
          </reporter-output>
        </test-method> <!-- setUp -->
        <test-method signature="checkSpanishLanguage()[pri:1, instance:com.bstack.elpais.testcases.CheckSpanishTest@788ddc1f]" started-at="2025-07-13T17:10:23 IST" name="checkSpanishLanguage" finished-at="2025-07-13T17:10:30 IST" duration-ms="6401" status="PASS">
          <reporter-output>
          </reporter-output>
        </test-method> <!-- checkSpanishLanguage -->
        <test-method is-config="true" signature="tearDown()[pri:0, instance:com.bstack.elpais.testcases.CheckSpanishTest@788ddc1f]" started-at="2025-07-13T17:10:32 IST" name="tearDown" finished-at="2025-07-13T17:10:33 IST" duration-ms="1624" status="PASS">
          <reporter-output>
          </reporter-output>
        </test-method> <!-- tearDown -->
      </class> <!-- com.bstack.elpais.testcases.CheckSpanishTest -->
      <class name="com.bstack.elpais.testcases.ScrapeOpinionArticlesTest">
        <test-method is-config="true" signature="setUp()[pri:0, instance:com.bstack.elpais.testcases.ScrapeOpinionArticlesTest@3ba46e63]" started-at="2025-07-13T17:08:45 IST" name="setUp" finished-at="2025-07-13T17:08:54 IST" duration-ms="9228" status="PASS">
          <reporter-output>
          </reporter-output>
        </test-method> <!-- setUp -->
        <test-method signature="scrapeArticlesFromOpinion()[pri:2, instance:com.bstack.elpais.testcases.ScrapeOpinionArticlesTest@3ba46e63]" started-at="2025-07-13T17:08:54 IST" name="scrapeArticlesFromOpinion" finished-at="2025-07-13T17:09:39 IST" duration-ms="45366" status="PASS">
          <reporter-output>
          </reporter-output>
        </test-method> <!-- scrapeArticlesFromOpinion -->
        <test-method signature="translateArticleHeaders()[pri:3, instance:com.bstack.elpais.testcases.ScrapeOpinionArticlesTest@3ba46e63]" started-at="2025-07-13T17:09:42 IST" name="translateArticleHeaders" finished-at="2025-07-13T17:10:05 IST" duration-ms="22646" status="PASS">
          <reporter-output>
          </reporter-output>
        </test-method> <!-- translateArticleHeaders -->
        <test-method signature="analyzeTranslatedHeaders()[pri:4, instance:com.bstack.elpais.testcases.ScrapeOpinionArticlesTest@3ba46e63]" started-at="2025-07-13T17:10:09 IST" name="analyzeTranslatedHeaders" finished-at="2025-07-13T17:10:09 IST" depends-on-methods="com.bstack.elpais.testcases.ScrapeOpinionArticlesTest.translateArticleHeaders" duration-ms="511" status="PASS">
          <reporter-output>
          </reporter-output>
        </test-method> <!-- analyzeTranslatedHeaders -->
        <test-method is-config="true" signature="tearDown()[pri:0, instance:com.bstack.elpais.testcases.ScrapeOpinionArticlesTest@3ba46e63]" started-at="2025-07-13T17:10:12 IST" name="tearDown" finished-at="2025-07-13T17:10:13 IST" duration-ms="1430" status="PASS">
          <reporter-output>
          </reporter-output>
        </test-method> <!-- tearDown -->
      </class> <!-- com.bstack.elpais.testcases.ScrapeOpinionArticlesTest -->
    </test> <!-- Test-2 -->
    <test started-at="2025-07-13T17:08:45 IST" name="Test-0" finished-at="2025-07-13T17:10:38 IST" duration-ms="112839">
      <class name="com.bstack.elpais.testcases.CheckSpanishTest">
        <test-method is-config="true" signature="setUp()[pri:0, instance:com.bstack.elpais.testcases.CheckSpanishTest@2a369e14]" started-at="2025-07-13T17:10:13 IST" name="setUp" finished-at="2025-07-13T17:10:28 IST" duration-ms="14047" status="PASS">
          <reporter-output>
          </reporter-output>
        </test-method> <!-- setUp -->
        <test-method signature="checkSpanishLanguage()[pri:1, instance:com.bstack.elpais.testcases.CheckSpanishTest@2a369e14]" started-at="2025-07-13T17:10:28 IST" name="checkSpanishLanguage" finished-at="2025-07-13T17:10:33 IST" duration-ms="5510" status="PASS">
          <reporter-output>
          </reporter-output>
        </test-method> <!-- checkSpanishLanguage -->
        <test-method is-config="true" signature="tearDown()[pri:0, instance:com.bstack.elpais.testcases.CheckSpanishTest@2a369e14]" started-at="2025-07-13T17:10:36 IST" name="tearDown" finished-at="2025-07-13T17:10:38 IST" duration-ms="1749" status="PASS">
          <reporter-output>
          </reporter-output>
        </test-method> <!-- tearDown -->
      </class> <!-- com.bstack.elpais.testcases.CheckSpanishTest -->
      <class name="com.bstack.elpais.testcases.ScrapeOpinionArticlesTest">
        <test-method is-config="true" signature="setUp()[pri:0, instance:com.bstack.elpais.testcases.ScrapeOpinionArticlesTest@44cffc25]" started-at="2025-07-13T17:08:45 IST" name="setUp" finished-at="2025-07-13T17:09:00 IST" duration-ms="15438" status="PASS">
          <reporter-output>
          </reporter-output>
        </test-method> <!-- setUp -->
        <test-method signature="scrapeArticlesFromOpinion()[pri:2, instance:com.bstack.elpais.testcases.ScrapeOpinionArticlesTest@44cffc25]" started-at="2025-07-13T17:09:00 IST" name="scrapeArticlesFromOpinion" finished-at="2025-07-13T17:09:41 IST" duration-ms="41206" status="PASS">
          <reporter-output>
          </reporter-output>
        </test-method> <!-- scrapeArticlesFromOpinion -->
        <test-method signature="translateArticleHeaders()[pri:3, instance:com.bstack.elpais.testcases.ScrapeOpinionArticlesTest@44cffc25]" started-at="2025-07-13T17:09:44 IST" name="translateArticleHeaders" finished-at="2025-07-13T17:10:06 IST" duration-ms="21626" status="PASS">
          <reporter-output>
          </reporter-output>
        </test-method> <!-- translateArticleHeaders -->
        <test-method signature="analyzeTranslatedHeaders()[pri:4, instance:com.bstack.elpais.testcases.ScrapeOpinionArticlesTest@44cffc25]" started-at="2025-07-13T17:10:09 IST" name="analyzeTranslatedHeaders" finished-at="2025-07-13T17:10:09 IST" depends-on-methods="com.bstack.elpais.testcases.ScrapeOpinionArticlesTest.translateArticleHeaders" duration-ms="106" status="PASS">
          <reporter-output>
          </reporter-output>
        </test-method> <!-- analyzeTranslatedHeaders -->
        <test-method is-config="true" signature="tearDown()[pri:0, instance:com.bstack.elpais.testcases.ScrapeOpinionArticlesTest@44cffc25]" started-at="2025-07-13T17:10:12 IST" name="tearDown" finished-at="2025-07-13T17:10:13 IST" duration-ms="1374" status="PASS">
          <reporter-output>
          </reporter-output>
        </test-method> <!-- tearDown -->
      </class> <!-- com.bstack.elpais.testcases.ScrapeOpinionArticlesTest -->
    </test> <!-- Test-0 -->
    <test started-at="2025-07-13T17:08:45 IST" name="Test-1" finished-at="2025-07-13T17:10:43 IST" duration-ms="118310">
      <class name="com.bstack.elpais.testcases.CheckSpanishTest">
        <test-method is-config="true" signature="setUp()[pri:0, instance:com.bstack.elpais.testcases.CheckSpanishTest@64d4f7c7]" started-at="2025-07-13T17:10:15 IST" name="setUp" finished-at="2025-07-13T17:10:33 IST" duration-ms="17977" status="PASS">
          <reporter-output>
          </reporter-output>
        </test-method> <!-- setUp -->
        <test-method signature="checkSpanishLanguage()[pri:1, instance:com.bstack.elpais.testcases.CheckSpanishTest@64d4f7c7]" started-at="2025-07-13T17:10:33 IST" name="checkSpanishLanguage" finished-at="2025-07-13T17:10:39 IST" duration-ms="6190" status="PASS">
          <reporter-output>
          </reporter-output>
        </test-method> <!-- checkSpanishLanguage -->
        <test-method is-config="true" signature="tearDown()[pri:0, instance:com.bstack.elpais.testcases.CheckSpanishTest@64d4f7c7]" started-at="2025-07-13T17:10:42 IST" name="tearDown" finished-at="2025-07-13T17:10:43 IST" duration-ms="1506" status="PASS">
          <reporter-output>
          </reporter-output>
        </test-method> <!-- tearDown -->
      </class> <!-- com.bstack.elpais.testcases.CheckSpanishTest -->
      <class name="com.bstack.elpais.testcases.ScrapeOpinionArticlesTest">
        <test-method is-config="true" signature="setUp()[pri:0, instance:com.bstack.elpais.testcases.ScrapeOpinionArticlesTest@10f7918f]" started-at="2025-07-13T17:08:45 IST" name="setUp" finished-at="2025-07-13T17:09:02 IST" duration-ms="16960" status="PASS">
          <reporter-output>
          </reporter-output>
        </test-method> <!-- setUp -->
        <test-method signature="scrapeArticlesFromOpinion()[pri:2, instance:com.bstack.elpais.testcases.ScrapeOpinionArticlesTest@10f7918f]" started-at="2025-07-13T17:09:02 IST" name="scrapeArticlesFromOpinion" finished-at="2025-07-13T17:09:43 IST" duration-ms="41496" status="PASS">
          <reporter-output>
          </reporter-output>
        </test-method> <!-- scrapeArticlesFromOpinion -->
        <test-method signature="translateArticleHeaders()[pri:3, instance:com.bstack.elpais.testcases.ScrapeOpinionArticlesTest@10f7918f]" started-at="2025-07-13T17:09:46 IST" name="translateArticleHeaders" finished-at="2025-07-13T17:10:07 IST" duration-ms="21550" status="PASS">
          <reporter-output>
          </reporter-output>
        </test-method> <!-- translateArticleHeaders -->
        <test-method signature="analyzeTranslatedHeaders()[pri:4, instance:com.bstack.elpais.testcases.ScrapeOpinionArticlesTest@10f7918f]" started-at="2025-07-13T17:10:10 IST" name="analyzeTranslatedHeaders" finished-at="2025-07-13T17:10:11 IST" depends-on-methods="com.bstack.elpais.testcases.ScrapeOpinionArticlesTest.translateArticleHeaders" duration-ms="187" status="PASS">
          <reporter-output>
          </reporter-output>
        </test-method> <!-- analyzeTranslatedHeaders -->
        <test-method is-config="true" signature="tearDown()[pri:0, instance:com.bstack.elpais.testcases.ScrapeOpinionArticlesTest@10f7918f]" started-at="2025-07-13T17:10:13 IST" name="tearDown" finished-at="2025-07-13T17:10:15 IST" duration-ms="1717" status="PASS">
          <reporter-output>
          </reporter-output>
        </test-method> <!-- tearDown -->
      </class> <!-- com.bstack.elpais.testcases.ScrapeOpinionArticlesTest -->
    </test> <!-- Test-1 -->
    <test started-at="2025-07-13T17:08:45 IST" name="Test-4" finished-at="2025-07-13T17:11:39 IST" duration-ms="174466">
      <class name="com.bstack.elpais.testcases.CheckSpanishTest">
        <test-method is-config="true" signature="setUp()[pri:0, instance:com.bstack.elpais.testcases.CheckSpanishTest@63884e4]" started-at="2025-07-13T17:10:38 IST" name="setUp" finished-at="2025-07-13T17:11:16 IST" duration-ms="37888" status="PASS">
          <reporter-output>
          </reporter-output>
        </test-method> <!-- setUp -->
        <test-method signature="checkSpanishLanguage()[pri:1, instance:com.bstack.elpais.testcases.CheckSpanishTest@63884e4]" started-at="2025-07-13T17:11:16 IST" name="checkSpanishLanguage" finished-at="2025-07-13T17:11:34 IST" duration-ms="18330" status="PASS">
          <reporter-output>
          </reporter-output>
        </test-method> <!-- checkSpanishLanguage -->
        <test-method is-config="true" signature="tearDown()[pri:0, instance:com.bstack.elpais.testcases.CheckSpanishTest@63884e4]" started-at="2025-07-13T17:11:38 IST" name="tearDown" finished-at="2025-07-13T17:11:39 IST" duration-ms="1619" status="PASS">
          <reporter-output>
          </reporter-output>
        </test-method> <!-- tearDown -->
      </class> <!-- com.bstack.elpais.testcases.CheckSpanishTest -->
      <class name="com.bstack.elpais.testcases.ScrapeOpinionArticlesTest">
        <test-method is-config="true" signature="setUp()[pri:0, instance:com.bstack.elpais.testcases.ScrapeOpinionArticlesTest@1a1f5f71]" started-at="2025-07-13T17:08:45 IST" name="setUp" finished-at="2025-07-13T17:09:09 IST" duration-ms="24239" status="PASS">
          <reporter-output>
          </reporter-output>
        </test-method> <!-- setUp -->
        <test-method signature="scrapeArticlesFromOpinion()[pri:2, instance:com.bstack.elpais.testcases.ScrapeOpinionArticlesTest@1a1f5f71]" started-at="2025-07-13T17:09:09 IST" name="scrapeArticlesFromOpinion" finished-at="2025-07-13T17:10:06 IST" duration-ms="56736" status="PASS">
          <reporter-output>
          </reporter-output>
        </test-method> <!-- scrapeArticlesFromOpinion -->
        <test-method signature="translateArticleHeaders()[pri:3, instance:com.bstack.elpais.testcases.ScrapeOpinionArticlesTest@1a1f5f71]" started-at="2025-07-13T17:10:08 IST" name="translateArticleHeaders" finished-at="2025-07-13T17:10:31 IST" duration-ms="22533" status="PASS">
          <reporter-output>
          </reporter-output>
        </test-method> <!-- translateArticleHeaders -->
        <test-method signature="analyzeTranslatedHeaders()[pri:4, instance:com.bstack.elpais.testcases.ScrapeOpinionArticlesTest@1a1f5f71]" started-at="2025-07-13T17:10:33 IST" name="analyzeTranslatedHeaders" finished-at="2025-07-13T17:10:34 IST" depends-on-methods="com.bstack.elpais.testcases.ScrapeOpinionArticlesTest.translateArticleHeaders" duration-ms="579" status="PASS">
          <reporter-output>
          </reporter-output>
        </test-method> <!-- analyzeTranslatedHeaders -->
        <test-method is-config="true" signature="tearDown()[pri:0, instance:com.bstack.elpais.testcases.ScrapeOpinionArticlesTest@1a1f5f71]" started-at="2025-07-13T17:10:36 IST" name="tearDown" finished-at="2025-07-13T17:10:38 IST" duration-ms="1409" status="PASS">
          <reporter-output>
          </reporter-output>
        </test-method> <!-- tearDown -->
      </class> <!-- com.bstack.elpais.testcases.ScrapeOpinionArticlesTest -->
    </test> <!-- Test-4 -->
  </suite> <!-- Suite -->
</testng-results>
