<?xml version="1.0" encoding="UTF-8"?>
<testng-results ignored="0" total="20" passed="20" failed="0" skipped="0">
  <reporter-output>
  </reporter-output>
  <suite started-at="2025-07-13T16:13:07 IST" name="Suite" finished-at="2025-07-13T16:15:46 IST" duration-ms="158403">
    <groups>
    </groups>
    <test started-at="2025-07-13T16:13:07 IST" name="Test-3" finished-at="2025-07-13T16:14:42 IST" duration-ms="95018">
      <class name="com.bstack.elpais.testcases.CheckSpanishTest">
        <test-method is-config="true" signature="setUp()[pri:0, instance:com.bstack.elpais.testcases.CheckSpanishTest@7ab34619]" started-at="2025-07-13T16:14:27 IST" name="setUp" finished-at="2025-07-13T16:14:33 IST" duration-ms="6054" status="PASS">
          <reporter-output>
          </reporter-output>
        </test-method> <!-- setUp -->
        <test-method signature="checkSpanishLanguage()[pri:1, instance:com.bstack.elpais.testcases.CheckSpanishTest@7ab34619]" started-at="2025-07-13T16:14:33 IST" name="checkSpanishLanguage" finished-at="2025-07-13T16:14:37 IST" duration-ms="4860" status="PASS">
          <reporter-output>
          </reporter-output>
        </test-method> <!-- checkSpanishLanguage -->
        <test-method is-config="true" signature="tearDown()[pri:0, instance:com.bstack.elpais.testcases.CheckSpanishTest@7ab34619]" started-at="2025-07-13T16:14:40 IST" name="tearDown" finished-at="2025-07-13T16:14:42 IST" duration-ms="2049" status="PASS">
          <reporter-output>
          </reporter-output>
        </test-method> <!-- tearDown -->
      </class> <!-- com.bstack.elpais.testcases.CheckSpanishTest -->
      <class name="com.bstack.elpais.testcases.ScrapeOpinionArticlesTest">
        <test-method is-config="true" signature="setUp()[pri:0, instance:com.bstack.elpais.testcases.ScrapeOpinionArticlesTest@46a145ba]" started-at="2025-07-13T16:13:08 IST" name="setUp" finished-at="2025-07-13T16:13:14 IST" duration-ms="6900" status="PASS">
          <reporter-output>
          </reporter-output>
        </test-method> <!-- setUp -->
        <test-method signature="scrapeArticlesFromOpinion()[pri:2, instance:com.bstack.elpais.testcases.ScrapeOpinionArticlesTest@46a145ba]" started-at="2025-07-13T16:13:14 IST" name="scrapeArticlesFromOpinion" finished-at="2025-07-13T16:13:55 IST" duration-ms="40748" status="PASS">
          <reporter-output>
          </reporter-output>
        </test-method> <!-- scrapeArticlesFromOpinion -->
        <test-method signature="translateArticleHeaders()[pri:3, instance:com.bstack.elpais.testcases.ScrapeOpinionArticlesTest@46a145ba]" started-at="2025-07-13T16:13:59 IST" name="translateArticleHeaders" finished-at="2025-07-13T16:14:19 IST" duration-ms="20100" status="PASS">
          <reporter-output>
          </reporter-output>
        </test-method> <!-- translateArticleHeaders -->
        <test-method signature="analyzeTranslatedHeaders()[pri:4, instance:com.bstack.elpais.testcases.ScrapeOpinionArticlesTest@46a145ba]" started-at="2025-07-13T16:14:22 IST" name="analyzeTranslatedHeaders" finished-at="2025-07-13T16:14:22 IST" depends-on-methods="com.bstack.elpais.testcases.ScrapeOpinionArticlesTest.translateArticleHeaders" duration-ms="137" status="PASS">
          <reporter-output>
          </reporter-output>
        </test-method> <!-- analyzeTranslatedHeaders -->
        <test-method is-config="true" signature="tearDown()[pri:0, instance:com.bstack.elpais.testcases.ScrapeOpinionArticlesTest@46a145ba]" started-at="2025-07-13T16:14:25 IST" name="tearDown" finished-at="2025-07-13T16:14:27 IST" duration-ms="1798" status="PASS">
          <reporter-output>
          </reporter-output>
        </test-method> <!-- tearDown -->
      </class> <!-- com.bstack.elpais.testcases.ScrapeOpinionArticlesTest -->
    </test> <!-- Test-3 -->
    <test started-at="2025-07-13T16:13:07 IST" name="Test-0" finished-at="2025-07-13T16:14:58 IST" duration-ms="110818">
      <class name="com.bstack.elpais.testcases.CheckSpanishTest">
        <test-method is-config="true" signature="setUp()[pri:0, instance:com.bstack.elpais.testcases.CheckSpanishTest@2a369e14]" started-at="2025-07-13T16:14:35 IST" name="setUp" finished-at="2025-07-13T16:14:48 IST" duration-ms="12899" status="PASS">
          <reporter-output>
          </reporter-output>
        </test-method> <!-- setUp -->
        <test-method signature="checkSpanishLanguage()[pri:1, instance:com.bstack.elpais.testcases.CheckSpanishTest@2a369e14]" started-at="2025-07-13T16:14:48 IST" name="checkSpanishLanguage" finished-at="2025-07-13T16:14:54 IST" duration-ms="6111" status="PASS">
          <reporter-output>
          </reporter-output>
        </test-method> <!-- checkSpanishLanguage -->
        <test-method is-config="true" signature="tearDown()[pri:0, instance:com.bstack.elpais.testcases.CheckSpanishTest@2a369e14]" started-at="2025-07-13T16:14:57 IST" name="tearDown" finished-at="2025-07-13T16:14:58 IST" duration-ms="1552" status="PASS">
          <reporter-output>
          </reporter-output>
        </test-method> <!-- tearDown -->
      </class> <!-- com.bstack.elpais.testcases.CheckSpanishTest -->
      <class name="com.bstack.elpais.testcases.ScrapeOpinionArticlesTest">
        <test-method is-config="true" signature="setUp()[pri:0, instance:com.bstack.elpais.testcases.ScrapeOpinionArticlesTest@44cffc25]" started-at="2025-07-13T16:13:08 IST" name="setUp" finished-at="2025-07-13T16:13:23 IST" duration-ms="15765" status="PASS">
          <reporter-output>
          </reporter-output>
        </test-method> <!-- setUp -->
        <test-method signature="scrapeArticlesFromOpinion()[pri:2, instance:com.bstack.elpais.testcases.ScrapeOpinionArticlesTest@44cffc25]" started-at="2025-07-13T16:13:23 IST" name="scrapeArticlesFromOpinion" finished-at="2025-07-13T16:14:04 IST" duration-ms="40977" status="PASS">
          <reporter-output>
          </reporter-output>
        </test-method> <!-- scrapeArticlesFromOpinion -->
        <test-method signature="translateArticleHeaders()[pri:3, instance:com.bstack.elpais.testcases.ScrapeOpinionArticlesTest@44cffc25]" started-at="2025-07-13T16:14:07 IST" name="translateArticleHeaders" finished-at="2025-07-13T16:14:28 IST" duration-ms="21110" status="PASS">
          <reporter-output>
          </reporter-output>
        </test-method> <!-- translateArticleHeaders -->
        <test-method signature="analyzeTranslatedHeaders()[pri:4, instance:com.bstack.elpais.testcases.ScrapeOpinionArticlesTest@44cffc25]" started-at="2025-07-13T16:14:31 IST" name="analyzeTranslatedHeaders" finished-at="2025-07-13T16:14:31 IST" depends-on-methods="com.bstack.elpais.testcases.ScrapeOpinionArticlesTest.translateArticleHeaders" duration-ms="590" status="PASS">
          <reporter-output>
          </reporter-output>
        </test-method> <!-- analyzeTranslatedHeaders -->
        <test-method is-config="true" signature="tearDown()[pri:0, instance:com.bstack.elpais.testcases.ScrapeOpinionArticlesTest@44cffc25]" started-at="2025-07-13T16:14:34 IST" name="tearDown" finished-at="2025-07-13T16:14:35 IST" duration-ms="1464" status="PASS">
          <reporter-output>
          </reporter-output>
        </test-method> <!-- tearDown -->
      </class> <!-- com.bstack.elpais.testcases.ScrapeOpinionArticlesTest -->
    </test> <!-- Test-0 -->
    <test started-at="2025-07-13T16:13:07 IST" name="Test-2" finished-at="2025-07-13T16:14:59 IST" duration-ms="111705">
      <class name="com.bstack.elpais.testcases.CheckSpanishTest">
        <test-method is-config="true" signature="setUp()[pri:0, instance:com.bstack.elpais.testcases.CheckSpanishTest@788ddc1f]" started-at="2025-07-13T16:14:39 IST" name="setUp" finished-at="2025-07-13T16:14:47 IST" duration-ms="8058" status="PASS">
          <reporter-output>
          </reporter-output>
        </test-method> <!-- setUp -->
        <test-method signature="checkSpanishLanguage()[pri:1, instance:com.bstack.elpais.testcases.CheckSpanishTest@788ddc1f]" started-at="2025-07-13T16:14:47 IST" name="checkSpanishLanguage" finished-at="2025-07-13T16:14:55 IST" duration-ms="7760" status="PASS">
          <reporter-output>
          </reporter-output>
        </test-method> <!-- checkSpanishLanguage -->
        <test-method is-config="true" signature="tearDown()[pri:0, instance:com.bstack.elpais.testcases.CheckSpanishTest@788ddc1f]" started-at="2025-07-13T16:14:58 IST" name="tearDown" finished-at="2025-07-13T16:14:59 IST" duration-ms="1343" status="PASS">
          <reporter-output>
          </reporter-output>
        </test-method> <!-- tearDown -->
      </class> <!-- com.bstack.elpais.testcases.CheckSpanishTest -->
      <class name="com.bstack.elpais.testcases.ScrapeOpinionArticlesTest">
        <test-method is-config="true" signature="setUp()[pri:0, instance:com.bstack.elpais.testcases.ScrapeOpinionArticlesTest@3ba46e63]" started-at="2025-07-13T16:13:08 IST" name="setUp" finished-at="2025-07-13T16:13:18 IST" duration-ms="10721" status="PASS">
          <reporter-output>
          </reporter-output>
        </test-method> <!-- setUp -->
        <test-method signature="scrapeArticlesFromOpinion()[pri:2, instance:com.bstack.elpais.testcases.ScrapeOpinionArticlesTest@3ba46e63]" started-at="2025-07-13T16:13:18 IST" name="scrapeArticlesFromOpinion" finished-at="2025-07-13T16:14:04 IST" duration-ms="45964" status="PASS">
          <reporter-output>
          </reporter-output>
        </test-method> <!-- scrapeArticlesFromOpinion -->
        <test-method signature="translateArticleHeaders()[pri:3, instance:com.bstack.elpais.testcases.ScrapeOpinionArticlesTest@3ba46e63]" started-at="2025-07-13T16:14:08 IST" name="translateArticleHeaders" finished-at="2025-07-13T16:14:32 IST" duration-ms="23976" status="PASS">
          <reporter-output>
          </reporter-output>
        </test-method> <!-- translateArticleHeaders -->
        <test-method signature="analyzeTranslatedHeaders()[pri:4, instance:com.bstack.elpais.testcases.ScrapeOpinionArticlesTest@3ba46e63]" started-at="2025-07-13T16:14:34 IST" name="analyzeTranslatedHeaders" finished-at="2025-07-13T16:14:35 IST" depends-on-methods="com.bstack.elpais.testcases.ScrapeOpinionArticlesTest.translateArticleHeaders" duration-ms="416" status="PASS">
          <reporter-output>
          </reporter-output>
        </test-method> <!-- analyzeTranslatedHeaders -->
        <test-method is-config="true" signature="tearDown()[pri:0, instance:com.bstack.elpais.testcases.ScrapeOpinionArticlesTest@3ba46e63]" started-at="2025-07-13T16:14:37 IST" name="tearDown" finished-at="2025-07-13T16:14:39 IST" duration-ms="1895" status="PASS">
          <reporter-output>
          </reporter-output>
        </test-method> <!-- tearDown -->
      </class> <!-- com.bstack.elpais.testcases.ScrapeOpinionArticlesTest -->
    </test> <!-- Test-2 -->
    <test started-at="2025-07-13T16:13:07 IST" name="Test-1" finished-at="2025-07-13T16:15:06 IST" duration-ms="118852">
      <class name="com.bstack.elpais.testcases.CheckSpanishTest">
        <test-method is-config="true" signature="setUp()[pri:0, instance:com.bstack.elpais.testcases.CheckSpanishTest@64d4f7c7]" started-at="2025-07-13T16:14:41 IST" name="setUp" finished-at="2025-07-13T16:14:56 IST" duration-ms="15114" status="PASS">
          <reporter-output>
          </reporter-output>
        </test-method> <!-- setUp -->
        <test-method signature="checkSpanishLanguage()[pri:1, instance:com.bstack.elpais.testcases.CheckSpanishTest@64d4f7c7]" started-at="2025-07-13T16:14:56 IST" name="checkSpanishLanguage" finished-at="2025-07-13T16:15:02 IST" duration-ms="5832" status="PASS">
          <reporter-output>
          </reporter-output>
        </test-method> <!-- checkSpanishLanguage -->
        <test-method is-config="true" signature="tearDown()[pri:0, instance:com.bstack.elpais.testcases.CheckSpanishTest@64d4f7c7]" started-at="2025-07-13T16:15:04 IST" name="tearDown" finished-at="2025-07-13T16:15:06 IST" duration-ms="1855" status="PASS">
          <reporter-output>
          </reporter-output>
        </test-method> <!-- tearDown -->
      </class> <!-- com.bstack.elpais.testcases.CheckSpanishTest -->
      <class name="com.bstack.elpais.testcases.ScrapeOpinionArticlesTest">
        <test-method is-config="true" signature="setUp()[pri:0, instance:com.bstack.elpais.testcases.ScrapeOpinionArticlesTest@10f7918f]" started-at="2025-07-13T16:13:08 IST" name="setUp" finished-at="2025-07-13T16:13:26 IST" duration-ms="18658" status="PASS">
          <reporter-output>
          </reporter-output>
        </test-method> <!-- setUp -->
        <test-method signature="scrapeArticlesFromOpinion()[pri:2, instance:com.bstack.elpais.testcases.ScrapeOpinionArticlesTest@10f7918f]" started-at="2025-07-13T16:13:26 IST" name="scrapeArticlesFromOpinion" finished-at="2025-07-13T16:14:08 IST" duration-ms="41544" status="PASS">
          <reporter-output>
          </reporter-output>
        </test-method> <!-- scrapeArticlesFromOpinion -->
        <test-method signature="translateArticleHeaders()[pri:3, instance:com.bstack.elpais.testcases.ScrapeOpinionArticlesTest@10f7918f]" started-at="2025-07-13T16:14:11 IST" name="translateArticleHeaders" finished-at="2025-07-13T16:14:34 IST" duration-ms="22477" status="PASS">
          <reporter-output>
          </reporter-output>
        </test-method> <!-- translateArticleHeaders -->
        <test-method signature="analyzeTranslatedHeaders()[pri:4, instance:com.bstack.elpais.testcases.ScrapeOpinionArticlesTest@10f7918f]" started-at="2025-07-13T16:14:36 IST" name="analyzeTranslatedHeaders" finished-at="2025-07-13T16:14:37 IST" depends-on-methods="com.bstack.elpais.testcases.ScrapeOpinionArticlesTest.translateArticleHeaders" duration-ms="654" status="PASS">
          <reporter-output>
          </reporter-output>
        </test-method> <!-- analyzeTranslatedHeaders -->
        <test-method is-config="true" signature="tearDown()[pri:0, instance:com.bstack.elpais.testcases.ScrapeOpinionArticlesTest@10f7918f]" started-at="2025-07-13T16:14:39 IST" name="tearDown" finished-at="2025-07-13T16:14:41 IST" duration-ms="1460" status="PASS">
          <reporter-output>
          </reporter-output>
        </test-method> <!-- tearDown -->
      </class> <!-- com.bstack.elpais.testcases.ScrapeOpinionArticlesTest -->
    </test> <!-- Test-1 -->
    <test started-at="2025-07-13T16:13:07 IST" name="Test-4" finished-at="2025-07-13T16:15:46 IST" duration-ms="158403">
      <class name="com.bstack.elpais.testcases.CheckSpanishTest">
        <test-method is-config="true" signature="setUp()[pri:0, instance:com.bstack.elpais.testcases.CheckSpanishTest@524270b8]" started-at="2025-07-13T16:15:04 IST" name="setUp" finished-at="2025-07-13T16:15:25 IST" duration-ms="20352" status="PASS">
          <reporter-output>
          </reporter-output>
        </test-method> <!-- setUp -->
        <test-method signature="checkSpanishLanguage()[pri:1, instance:com.bstack.elpais.testcases.CheckSpanishTest@524270b8]" started-at="2025-07-13T16:15:25 IST" name="checkSpanishLanguage" finished-at="2025-07-13T16:15:41 IST" duration-ms="16284" status="PASS">
          <reporter-output>
          </reporter-output>
        </test-method> <!-- checkSpanishLanguage -->
        <test-method is-config="true" signature="tearDown()[pri:0, instance:com.bstack.elpais.testcases.CheckSpanishTest@524270b8]" started-at="2025-07-13T16:15:44 IST" name="tearDown" finished-at="2025-07-13T16:15:46 IST" duration-ms="1544" status="PASS">
          <reporter-output>
          </reporter-output>
        </test-method> <!-- tearDown -->
      </class> <!-- com.bstack.elpais.testcases.CheckSpanishTest -->
      <class name="com.bstack.elpais.testcases.ScrapeOpinionArticlesTest">
        <test-method is-config="true" signature="setUp()[pri:0, instance:com.bstack.elpais.testcases.ScrapeOpinionArticlesTest@63884e4]" started-at="2025-07-13T16:13:08 IST" name="setUp" finished-at="2025-07-13T16:13:34 IST" duration-ms="26400" status="PASS">
          <reporter-output>
          </reporter-output>
        </test-method> <!-- setUp -->
        <test-method signature="scrapeArticlesFromOpinion()[pri:2, instance:com.bstack.elpais.testcases.ScrapeOpinionArticlesTest@63884e4]" started-at="2025-07-13T16:13:34 IST" name="scrapeArticlesFromOpinion" finished-at="2025-07-13T16:14:29 IST" duration-ms="55458" status="PASS">
          <reporter-output>
          </reporter-output>
        </test-method> <!-- scrapeArticlesFromOpinion -->
        <test-method signature="translateArticleHeaders()[pri:3, instance:com.bstack.elpais.testcases.ScrapeOpinionArticlesTest@63884e4]" started-at="2025-07-13T16:14:33 IST" name="translateArticleHeaders" finished-at="2025-07-13T16:14:56 IST" duration-ms="23614" status="PASS">
          <reporter-output>
          </reporter-output>
        </test-method> <!-- translateArticleHeaders -->
        <test-method signature="analyzeTranslatedHeaders()[pri:4, instance:com.bstack.elpais.testcases.ScrapeOpinionArticlesTest@63884e4]" started-at="2025-07-13T16:14:59 IST" name="analyzeTranslatedHeaders" finished-at="2025-07-13T16:15:00 IST" depends-on-methods="com.bstack.elpais.testcases.ScrapeOpinionArticlesTest.translateArticleHeaders" duration-ms="652" status="PASS">
          <reporter-output>
          </reporter-output>
        </test-method> <!-- analyzeTranslatedHeaders -->
        <test-method is-config="true" signature="tearDown()[pri:0, instance:com.bstack.elpais.testcases.ScrapeOpinionArticlesTest@63884e4]" started-at="2025-07-13T16:15:03 IST" name="tearDown" finished-at="2025-07-13T16:15:04 IST" duration-ms="1484" status="PASS">
          <reporter-output>
          </reporter-output>
        </test-method> <!-- tearDown -->
      </class> <!-- com.bstack.elpais.testcases.ScrapeOpinionArticlesTest -->
    </test> <!-- Test-4 -->
  </suite> <!-- Suite -->
</testng-results>
