<?xml version="1.0" encoding="UTF-8"?>
<!-- Generated by org.testng.reporters.JUnitXMLReporter -->
<testsuite ignored="0" hostname="DESKTOP-UJ6Q63H" failures="0" tests="4" name="Win11_EdgeLatest-4" time="1.456" errors="0" timestamp="2025-07-13T00:47:11 IST">
  <testcase classname="com.bstack.elpais.testcases.CheckSpanishTest" name="checkSpanishLanguage" time="0.0">
    <skipped/>
  </testcase> <!-- checkSpanishLanguage -->
  <testcase classname="com.bstack.elpais.testcases.ScrapeOpinionArticlesTest" name="scrapeArticlesFromOpinion" time="0.0">
    <skipped/>
  </testcase> <!-- scrapeArticlesFromOpinion -->
  <testcase classname="com.bstack.elpais.testcases.ScrapeOpinionArticlesTest" name="translateArticleHeaders" time="0.0">
    <skipped/>
  </testcase> <!-- translateArticleHeaders -->
  <testcase classname="com.bstack.elpais.testcases.ScrapeOpinionArticlesTest" name="analyzeTranslatedHeaders" time="0.0">
    <skipped/>
  </testcase> <!-- analyzeTranslatedHeaders -->
</testsuite> <!-- Win11_EdgeLatest-4 -->
